2023-02-03T08:27:10.6439568+05:30 [INF] (Microsoft.Hosting.Lifetime) Now listening on: "https://localhost:7059"
2023-02-03T08:27:10.7450792+05:30 [INF] (Microsoft.Hosting.Lifetime) Now listening on: "http://localhost:5023"
2023-02-03T08:27:10.7496860+05:30 [INF] (Microsoft.Hosting.Lifetime) Application started. Press Ctrl+C to shut down.
2023-02-03T08:27:10.7505414+05:30 [INF] (Microsoft.Hosting.Lifetime) Hosting environment: "Development"
2023-02-03T08:27:10.7506647+05:30 [INF] (Microsoft.Hosting.Lifetime) Content root path: "C:\Users\kallured\Documents\FinalBFA\Team 5\BrownFieldAirLine.Services.CheckInMicroService\"
2023-02-03T08:30:24.7877687+05:30 [INF] (Microsoft.Hosting.Lifetime) Now listening on: "https://localhost:7059"
2023-02-03T08:30:24.8289136+05:30 [INF] (Microsoft.Hosting.Lifetime) Now listening on: "http://localhost:5023"
2023-02-03T08:30:24.8337949+05:30 [INF] (Microsoft.Hosting.Lifetime) Application started. Press Ctrl+C to shut down.
2023-02-03T08:30:24.8344453+05:30 [INF] (Microsoft.Hosting.Lifetime) Hosting environment: "Development"
2023-02-03T08:30:24.8345163+05:30 [INF] (Microsoft.Hosting.Lifetime) Content root path: "C:\Users\kallured\Documents\FinalBFA\Team 5\BrownFieldAirLine.Services.CheckInMicroService\"
2023-02-03T08:39:26.5316100+05:30 [INF] (Microsoft.Hosting.Lifetime) Now listening on: "https://localhost:7059"
2023-02-03T08:39:26.5605303+05:30 [INF] (Microsoft.Hosting.Lifetime) Now listening on: "http://localhost:5023"
2023-02-03T08:39:26.5636645+05:30 [INF] (Microsoft.Hosting.Lifetime) Application started. Press Ctrl+C to shut down.
2023-02-03T08:39:26.5641529+05:30 [INF] (Microsoft.Hosting.Lifetime) Hosting environment: "Development"
2023-02-03T08:39:26.5642017+05:30 [INF] (Microsoft.Hosting.Lifetime) Content root path: "C:\Users\kallured\Documents\FinalBFA\Team 5\BrownFieldAirLine.Services.CheckInMicroService\"
2023-02-03T08:49:41.6467996+05:30 [INF] (Microsoft.Hosting.Lifetime) Now listening on: "https://localhost:7059"
2023-02-03T08:49:41.6792753+05:30 [INF] (Microsoft.Hosting.Lifetime) Now listening on: "http://localhost:5023"
2023-02-03T08:49:41.6828794+05:30 [INF] (Microsoft.Hosting.Lifetime) Application started. Press Ctrl+C to shut down.
2023-02-03T08:49:41.6834504+05:30 [INF] (Microsoft.Hosting.Lifetime) Hosting environment: "Development"
2023-02-03T08:49:41.6835084+05:30 [INF] (Microsoft.Hosting.Lifetime) Content root path: "C:\Users\kallured\Documents\FinalBFA\Team 5\BrownFieldAirLine.Services.CheckInMicroService\"
2023-02-03T08:53:22.0479846+05:30 [INF] (Microsoft.Hosting.Lifetime) Now listening on: "https://localhost:7059"
2023-02-03T08:53:22.0768343+05:30 [INF] (Microsoft.Hosting.Lifetime) Now listening on: "http://localhost:5023"
2023-02-03T08:53:22.0808521+05:30 [INF] (Microsoft.Hosting.Lifetime) Application started. Press Ctrl+C to shut down.
2023-02-03T08:53:22.0814751+05:30 [INF] (Microsoft.Hosting.Lifetime) Hosting environment: "Development"
2023-02-03T08:53:22.0815286+05:30 [INF] (Microsoft.Hosting.Lifetime) Content root path: "C:\Users\kallured\Documents\FinalBFA\Team 5\BrownFieldAirLine.Services.CheckInMicroService\"
2023-02-03T09:03:07.4515094+05:30 [INF] (Microsoft.Hosting.Lifetime) Now listening on: "https://localhost:7059"
2023-02-03T09:03:07.4901285+05:30 [INF] (Microsoft.Hosting.Lifetime) Now listening on: "http://localhost:5023"
2023-02-03T09:03:07.4942573+05:30 [INF] (Microsoft.Hosting.Lifetime) Application started. Press Ctrl+C to shut down.
2023-02-03T09:03:07.4950428+05:30 [INF] (Microsoft.Hosting.Lifetime) Hosting environment: "Development"
2023-02-03T09:03:07.4951312+05:30 [INF] (Microsoft.Hosting.Lifetime) Content root path: "C:\Users\kallured\Documents\FinalBFA\Team 5\BrownFieldAirLine.Services.CheckInMicroService\"
2023-02-03T09:18:40.0941175+05:30 [INF] (Microsoft.Hosting.Lifetime) Now listening on: "https://localhost:7059"
2023-02-03T09:18:40.1304527+05:30 [INF] (Microsoft.Hosting.Lifetime) Now listening on: "http://localhost:5023"
2023-02-03T09:18:40.1353975+05:30 [INF] (Microsoft.Hosting.Lifetime) Application started. Press Ctrl+C to shut down.
2023-02-03T09:18:40.1362670+05:30 [INF] (Microsoft.Hosting.Lifetime) Hosting environment: "Development"
2023-02-03T09:18:40.1363620+05:30 [INF] (Microsoft.Hosting.Lifetime) Content root path: "C:\Users\kallured\Documents\FinalBFA\Team 5\BrownFieldAirLine.Services.CheckInMicroService\"
2023-02-03T09:20:02.9329293+05:30 [INF] (Microsoft.Hosting.Lifetime) Now listening on: "https://localhost:7059"
2023-02-03T09:20:02.9674591+05:30 [INF] (Microsoft.Hosting.Lifetime) Now listening on: "http://localhost:5023"
2023-02-03T09:20:02.9713650+05:30 [INF] (Microsoft.Hosting.Lifetime) Application started. Press Ctrl+C to shut down.
2023-02-03T09:20:02.9720544+05:30 [INF] (Microsoft.Hosting.Lifetime) Hosting environment: "Development"
2023-02-03T09:20:02.9721355+05:30 [INF] (Microsoft.Hosting.Lifetime) Content root path: "C:\Users\kallured\Documents\FinalBFA\Team 5\BrownFieldAirLine.Services.CheckInMicroService\"
2023-02-03T09:22:23.1940564+05:30 [INF] (Microsoft.Hosting.Lifetime) Now listening on: "https://localhost:7059"
2023-02-03T09:22:23.2314558+05:30 [INF] (Microsoft.Hosting.Lifetime) Now listening on: "http://localhost:5023"
2023-02-03T09:22:23.2356688+05:30 [INF] (Microsoft.Hosting.Lifetime) Application started. Press Ctrl+C to shut down.
2023-02-03T09:22:23.2363475+05:30 [INF] (Microsoft.Hosting.Lifetime) Hosting environment: "Development"
2023-02-03T09:22:23.2364192+05:30 [INF] (Microsoft.Hosting.Lifetime) Content root path: "C:\Users\kallured\Documents\FinalBFA\Team 5\BrownFieldAirLine.Services.CheckInMicroService\"
2023-02-03T09:34:06.6966319+05:30 [INF] (Microsoft.Hosting.Lifetime) Now listening on: "https://localhost:7059"
2023-02-03T09:34:06.7306396+05:30 [INF] (Microsoft.Hosting.Lifetime) Now listening on: "http://localhost:5023"
2023-02-03T09:34:06.7346335+05:30 [INF] (Microsoft.Hosting.Lifetime) Application started. Press Ctrl+C to shut down.
2023-02-03T09:34:06.7352884+05:30 [INF] (Microsoft.Hosting.Lifetime) Hosting environment: "Development"
2023-02-03T09:34:06.7353574+05:30 [INF] (Microsoft.Hosting.Lifetime) Content root path: "C:\Users\kallured\Documents\FinalBFA\Team 5\BrownFieldAirLine.Services.CheckInMicroService\"
2023-02-03T09:39:33.5560744+05:30 [INF] (Microsoft.Hosting.Lifetime) Now listening on: "https://localhost:7059"
2023-02-03T09:39:33.5947764+05:30 [INF] (Microsoft.Hosting.Lifetime) Now listening on: "http://localhost:5023"
2023-02-03T09:39:33.5989552+05:30 [INF] (Microsoft.Hosting.Lifetime) Application started. Press Ctrl+C to shut down.
2023-02-03T09:39:33.5995801+05:30 [INF] (Microsoft.Hosting.Lifetime) Hosting environment: "Development"
2023-02-03T09:39:33.5996370+05:30 [INF] (Microsoft.Hosting.Lifetime) Content root path: "C:\Users\kallured\Documents\FinalBFA\Team 5\BrownFieldAirLine.Services.CheckInMicroService\"
2023-02-03T09:41:11.7531929+05:30 [INF] (Microsoft.Hosting.Lifetime) Now listening on: "https://localhost:7059"
2023-02-03T09:41:11.7911683+05:30 [INF] (Microsoft.Hosting.Lifetime) Now listening on: "http://localhost:5023"
2023-02-03T09:41:11.7950416+05:30 [INF] (Microsoft.Hosting.Lifetime) Application started. Press Ctrl+C to shut down.
2023-02-03T09:41:11.7956955+05:30 [INF] (Microsoft.Hosting.Lifetime) Hosting environment: "Development"
2023-02-03T09:41:11.7957616+05:30 [INF] (Microsoft.Hosting.Lifetime) Content root path: "C:\Users\kallured\Documents\FinalBFA\Team 5\BrownFieldAirLine.Services.CheckInMicroService\"
2023-02-03T09:43:10.2414603+05:30 [INF] (Microsoft.Hosting.Lifetime) Now listening on: "https://localhost:7059"
2023-02-03T09:43:10.2862756+05:30 [INF] (Microsoft.Hosting.Lifetime) Now listening on: "http://localhost:5023"
2023-02-03T09:43:10.2906924+05:30 [INF] (Microsoft.Hosting.Lifetime) Application started. Press Ctrl+C to shut down.
2023-02-03T09:43:10.2914568+05:30 [INF] (Microsoft.Hosting.Lifetime) Hosting environment: "Development"
2023-02-03T09:43:10.2915740+05:30 [INF] (Microsoft.Hosting.Lifetime) Content root path: "C:\Users\kallured\Documents\FinalBFA\Team 5\BrownFieldAirLine.Services.CheckInMicroService\"
2023-02-03T09:43:48.8583521+05:30 [INF] (Microsoft.Hosting.Lifetime) Now listening on: "https://localhost:7059"
2023-02-03T09:43:48.8934382+05:30 [INF] (Microsoft.Hosting.Lifetime) Now listening on: "http://localhost:5023"
2023-02-03T09:43:48.8973029+05:30 [INF] (Microsoft.Hosting.Lifetime) Application started. Press Ctrl+C to shut down.
2023-02-03T09:43:48.8979060+05:30 [INF] (Microsoft.Hosting.Lifetime) Hosting environment: "Development"
2023-02-03T09:43:48.8979654+05:30 [INF] (Microsoft.Hosting.Lifetime) Content root path: "C:\Users\kallured\Documents\FinalBFA\Team 5\BrownFieldAirLine.Services.CheckInMicroService\"
2023-02-03T09:44:46.3029489+05:30 [INF] (Microsoft.Hosting.Lifetime) Now listening on: "https://localhost:7059"
2023-02-03T09:44:46.3393144+05:30 [INF] (Microsoft.Hosting.Lifetime) Now listening on: "http://localhost:5023"
2023-02-03T09:44:46.3431786+05:30 [INF] (Microsoft.Hosting.Lifetime) Application started. Press Ctrl+C to shut down.
2023-02-03T09:44:46.3437794+05:30 [INF] (Microsoft.Hosting.Lifetime) Hosting environment: "Development"
2023-02-03T09:44:46.3438401+05:30 [INF] (Microsoft.Hosting.Lifetime) Content root path: "C:\Users\kallured\Documents\FinalBFA\Team 5\BrownFieldAirLine.Services.CheckInMicroService\"
2023-02-03T09:46:22.2157544+05:30 [INF] (Microsoft.Hosting.Lifetime) Now listening on: "https://localhost:7059"
2023-02-03T09:46:22.2553166+05:30 [INF] (Microsoft.Hosting.Lifetime) Now listening on: "http://localhost:5023"
2023-02-03T09:46:22.2602256+05:30 [INF] (Microsoft.Hosting.Lifetime) Application started. Press Ctrl+C to shut down.
2023-02-03T09:46:22.2608797+05:30 [INF] (Microsoft.Hosting.Lifetime) Hosting environment: "Development"
2023-02-03T09:46:22.2609547+05:30 [INF] (Microsoft.Hosting.Lifetime) Content root path: "C:\Users\kallured\Documents\FinalBFA\Team 5\BrownFieldAirLine.Services.CheckInMicroService\"
2023-02-03T09:50:00.7193464+05:30 [INF] (Microsoft.Hosting.Lifetime) Now listening on: "https://localhost:7059"
2023-02-03T09:50:00.7690809+05:30 [INF] (Microsoft.Hosting.Lifetime) Now listening on: "http://localhost:5023"
2023-02-03T09:50:00.7734602+05:30 [INF] (Microsoft.Hosting.Lifetime) Application started. Press Ctrl+C to shut down.
2023-02-03T09:50:00.7743539+05:30 [INF] (Microsoft.Hosting.Lifetime) Hosting environment: "Development"
2023-02-03T09:50:00.7745346+05:30 [INF] (Microsoft.Hosting.Lifetime) Content root path: "C:\Users\kallured\Documents\FinalBFA\Team 5\BrownFieldAirLine.Services.CheckInMicroService\"
2023-02-03T10:03:56.8988914+05:30 [INF] (Microsoft.Hosting.Lifetime) Now listening on: "https://localhost:7059"
2023-02-03T10:03:56.9497096+05:30 [INF] (Microsoft.Hosting.Lifetime) Now listening on: "http://localhost:5023"
2023-02-03T10:03:56.9712536+05:30 [INF] (Microsoft.Hosting.Lifetime) Application started. Press Ctrl+C to shut down.
2023-02-03T10:03:56.9722911+05:30 [INF] (Microsoft.Hosting.Lifetime) Hosting environment: "Development"
2023-02-03T10:03:56.9724319+05:30 [INF] (Microsoft.Hosting.Lifetime) Content root path: "C:\Users\kallured\Documents\FinalBFA\Team 5\BrownFieldAirLine.Services.CheckInMicroService\"
2023-02-03T10:06:19.5090034+05:30 [INF] (Microsoft.Hosting.Lifetime) Now listening on: "https://localhost:7059"
2023-02-03T10:06:19.6207158+05:30 [INF] (Microsoft.Hosting.Lifetime) Now listening on: "http://localhost:5023"
2023-02-03T10:06:19.6456150+05:30 [INF] (Microsoft.Hosting.Lifetime) Application started. Press Ctrl+C to shut down.
2023-02-03T10:06:19.6494110+05:30 [INF] (Microsoft.Hosting.Lifetime) Hosting environment: "Development"
2023-02-03T10:06:19.6503477+05:30 [INF] (Microsoft.Hosting.Lifetime) Content root path: "C:\Users\kallured\Documents\FinalBFA\Team 5\BrownFieldAirLine.Services.CheckInMicroService\"
2023-02-03T10:08:34.5409141+05:30 [INF] (Microsoft.Hosting.Lifetime) Now listening on: "https://localhost:7059"
2023-02-03T10:08:34.6355308+05:30 [INF] (Microsoft.Hosting.Lifetime) Now listening on: "http://localhost:5023"
2023-02-03T10:08:34.6414546+05:30 [INF] (Microsoft.Hosting.Lifetime) Application started. Press Ctrl+C to shut down.
2023-02-03T10:08:34.6425579+05:30 [INF] (Microsoft.Hosting.Lifetime) Hosting environment: "Development"
2023-02-03T10:08:34.6426769+05:30 [INF] (Microsoft.Hosting.Lifetime) Content root path: "C:\Users\kallured\Documents\FinalBFA\Team 5\BrownFieldAirLine.Services.CheckInMicroService\"
2023-02-03T10:09:53.6973391+05:30 [INF] (Microsoft.Hosting.Lifetime) Now listening on: "https://localhost:7059"
2023-02-03T10:09:53.7474579+05:30 [INF] (Microsoft.Hosting.Lifetime) Now listening on: "http://localhost:5023"
2023-02-03T10:09:53.7529342+05:30 [INF] (Microsoft.Hosting.Lifetime) Application started. Press Ctrl+C to shut down.
2023-02-03T10:09:53.7538048+05:30 [INF] (Microsoft.Hosting.Lifetime) Hosting environment: "Development"
2023-02-03T10:09:53.7538946+05:30 [INF] (Microsoft.Hosting.Lifetime) Content root path: "C:\Users\kallured\Documents\FinalBFA\Team 5\BrownFieldAirLine.Services.CheckInMicroService\"
2023-02-03T10:24:01.9401359+05:30 [INF] (Microsoft.Hosting.Lifetime) Now listening on: "https://localhost:7059"
2023-02-03T10:24:01.9876408+05:30 [INF] (Microsoft.Hosting.Lifetime) Now listening on: "http://localhost:5023"
2023-02-03T10:24:01.9950458+05:30 [INF] (Microsoft.Hosting.Lifetime) Application started. Press Ctrl+C to shut down.
2023-02-03T10:24:01.9957362+05:30 [INF] (Microsoft.Hosting.Lifetime) Hosting environment: "Development"
2023-02-03T10:24:01.9958366+05:30 [INF] (Microsoft.Hosting.Lifetime) Content root path: "C:\Users\kallured\Documents\FinalBFA\Team 5\BrownFieldAirLine.Services.CheckInMicroService\"
2023-02-03T10:39:23.4691280+05:30 [INF] (Microsoft.Hosting.Lifetime) Now listening on: "https://localhost:7059"
2023-02-03T10:39:23.5025345+05:30 [INF] (Microsoft.Hosting.Lifetime) Now listening on: "http://localhost:5023"
2023-02-03T10:39:23.5061345+05:30 [INF] (Microsoft.Hosting.Lifetime) Application started. Press Ctrl+C to shut down.
2023-02-03T10:39:23.5066922+05:30 [INF] (Microsoft.Hosting.Lifetime) Hosting environment: "Development"
2023-02-03T10:39:23.5067491+05:30 [INF] (Microsoft.Hosting.Lifetime) Content root path: "C:\Users\kallured\Documents\FinalBFA\Team 5\BrownFieldAirLine.Services.CheckInMicroService\"
